<?xml version="1.0" encoding="UTF-8"?>
<!-- Generated by org.testng.reporters.JUnitReportReporter -->
<testsuite hostname="OJAS-DD397" failures="0" tests="1" name="Testngproject.Testclass" time="7.480" errors="0" timestamp="2021-03-09T12:09:36 IST" skipped="0">
  <testcase classname="Testngproject.Testclass" name="Tc__1" time="7.480"/>
  <system-out/>
</testsuite> <!-- Testngproject.Testclass -->
